Environment variables:
  - =::=::\
  - =C:=C:\Users\akanksha_s\Downloads\gradle_project1-master\gradle_project1-master
  - =D:=D:\
  - ALLUSERSPROFILE=C:\ProgramData
  - APPDATA=C:\Users\akanksha_s\AppData\Roaming
  - APP_BASE_NAME=gradle
  - APP_HOME=C:\Program Files\gradle\gradle-4.10\bin\..
  - CLASSPATH=C:\Program Files\gradle\gradle-4.10\bin\..\lib\gradle-launcher-4.10.jar
  - CMD_LINE_ARGS=sonarqube -Dsonar.host.url=http://localhost:9000/sonar -Dsonar.jdbc.username=root -Dsonar.jdbc.password=root -Dsonar.login=admin -Dsonar.password=admin -Dsonar.verbose=true -stacktrace
  - COMPUTERNAME=LP-5CD8213Z29
  - ComSpec=C:\WINDOWS\system32\cmd.exe
  - CommonProgramFiles=C:\Program Files\Common Files
  - CommonProgramFiles(x86)=C:\Program Files (x86)\Common Files
  - CommonProgramW6432=C:\Program Files\Common Files
  - DIRNAME=C:\Program Files\gradle\gradle-4.10\bin\
  - FSHARPINSTALLDIR=C:\Program Files (x86)\Microsoft SDKs\F#\10.1\Framework\v4.0\
  - GRADLE_HOME=C:\Program Files\gradle\gradle-4.10
  - HOMEDRIVE=C:
  - HOMEPATH=\Users\akanksha_s
  - JAVA_EXE=C:\Program Files\Java\jdk/bin/java.exe
  - JAVA_HOME=C:\Program Files\Java\jdk
  - LOCALAPPDATA=C:\Users\akanksha_s\AppData\Local
  - LOGONSERVER=\\NDA-HCLT-DC10
  - M2_HOME=C:\Program Files\apache-maven-3.5.4
  - MAVEN_HOME=C:\Program Files\apache-maven-3.5.4
  - NUMBER_OF_PROCESSORS=4
  - OS=Windows_NT
  - OneDrive=C:\Users\akanksha_s\OneDrive
  - PATHEXT=.COM;.EXE;.BAT;.CMD;.VBS;.VBE;.JS;.JSE;.WSF;.WSH;.MSC
  - PROCESSOR_ARCHITECTURE=AMD64
  - PROCESSOR_IDENTIFIER=Intel64 Family 6 Model 142 Stepping 9, GenuineIntel
  - PROCESSOR_LEVEL=6
  - PROCESSOR_REVISION=8e09
  - PROMPT=$P$G
  - PSModulePath=C:\Program Files\WindowsPowerShell\Modules;C:\WINDOWS\system32\WindowsPowerShell\v1.0\Modules;C:\Program Files (x86)\Microsoft SQL Server\110\Tools\PowerShell\Modules\
  - PUBLIC=C:\Users\Public
  - Path=C:\Program Files (x86)\Common Files\Oracle\Java\javapath;C:\WINDOWS\system32;C:\WINDOWS;C:\WINDOWS\System32\Wbem;"C:\WINDOWS\System32\WindowsPowerShell\v1.0\;C:\Program Files\Java\jdk\bin;C:\Program Files\Java\jre\bin";C:\Windows\CCM;C:\Program Files\Java\jdk\bin;C:\Program Files\Java\jdk;C:\Program Files\dotnet\;C:\Program Files\Microsoft SQL Server\110\DTS\Binn\;C:\Program Files (x86)\Microsoft SQL Server\110\Tools\Binn\;C:\Program Files\Microsoft SQL Server\110\Tools\Binn\;C:\Program Files (x86)\Microsoft SQL Server\110\Tools\Binn\ManagementStudio\;C:\Program Files (x86)\Microsoft Visual Studio 10.0\Common7\IDE\PrivateAssemblies\;C:\Program Files (x86)\Microsoft SQL Server\110\DTS\Binn\;C:\Program Files\PuTTY\;C:\Program Files\apache-maven-3.5.4\bin\;C:\Program Files\gradle\gradle-4.10\bin;C:\Users\akanksha_s\AppData\Local\Microsoft\WindowsApps;C:\Program Files\gradle\gradle-4.10\bin;
  - ProgramData=C:\ProgramData
  - ProgramFiles=C:\Program Files
  - ProgramFiles(x86)=C:\Program Files (x86)
  - ProgramW6432=C:\Program Files
  - SESSIONNAME=Console
  - SystemDrive=C:
  - SystemRoot=C:\WINDOWS
  - TEMP=C:\Users\AKANKS~1\AppData\Local\Temp
  - TMP=C:\Users\AKANKS~1\AppData\Local\Temp
  - UATDATA=C:\WINDOWS\CCM\UATData\D9F8C395-CAB8-491d-B8AC-179A1FE1BE77
  - USERDNSDOMAIN=HCLT.CORP.HCL.IN
  - USERDOMAIN=HCLTECH
  - USERDOMAIN_ROAMINGPROFILE=HCLTECH
  - USERNAME=akanksha_s
  - USERPROFILE=C:\Users\akanksha_s
  - _SKIP=2
  - windir=C:\WINDOWS
System properties:
  - awt.toolkit=sun.awt.windows.WToolkit
  - file.encoding=Cp1252
  - file.encoding.pkg=sun.io
  - file.separator=\
  - java.awt.graphicsenv=sun.awt.Win32GraphicsEnvironment
  - java.awt.printerjob=sun.awt.windows.WPrinterJob
  - java.class.path=C:\Program Files\gradle\gradle-4.10\lib\gradle-launcher-4.10.jar
  - java.class.version=52.0
  - java.endorsed.dirs=C:\Program Files\Java\jdk\jre\lib\endorsed
  - java.ext.dirs=C:\Program Files\Java\jdk\jre\lib\ext;C:\WINDOWS\Sun\Java\lib\ext
  - java.home=C:\Program Files\Java\jdk\jre
  - java.io.tmpdir=C:\Users\AKANKS~1\AppData\Local\Temp\
  - java.library.path=C:\Program Files\Java\jdk\bin;C:\WINDOWS\Sun\Java\bin;C:\WINDOWS\system32;C:\WINDOWS;C:\Program Files (x86)\Common Files\Oracle\Java\javapath;C:\WINDOWS\system32;C:\WINDOWS;C:\WINDOWS\System32\Wbem;"C:\WINDOWS\System32\WindowsPowerShell\v1.0\;C:\Program Files\Java\jdk\bin;C:\Program Files\Java\jre\bin";C:\Windows\CCM;C:\Program Files\Java\jdk\bin;C:\Program Files\Java\jdk;C:\Program Files\dotnet\;C:\Program Files\Microsoft SQL Server\110\DTS\Binn\;C:\Program Files (x86)\Microsoft SQL Server\110\Tools\Binn\;C:\Program Files\Microsoft SQL Server\110\Tools\Binn\;C:\Program Files (x86)\Microsoft SQL Server\110\Tools\Binn\ManagementStudio\;C:\Program Files (x86)\Microsoft Visual Studio 10.0\Common7\IDE\PrivateAssemblies\;C:\Program Files (x86)\Microsoft SQL Server\110\DTS\Binn\;C:\Program Files\PuTTY\;C:\Program Files\apache-maven-3.5.4\bin\;C:\Program Files\gradle\gradle-4.10\bin;C:\Users\akanksha_s\AppData\Local\Microsoft\WindowsApps;C:\Program Files\gradle\gradle-4.10\bin;;.
  - java.runtime.name=Java(TM) SE Runtime Environment
  - java.runtime.version=1.8.0_121-b13
  - java.specification.name=Java Platform API Specification
  - java.specification.vendor=Oracle Corporation
  - java.specification.version=1.8
  - java.vendor=Oracle Corporation
  - java.vendor.url=http://java.oracle.com/
  - java.vendor.url.bug=http://bugreport.sun.com/bugreport/
  - java.version=1.8.0_121
  - java.vm.info=mixed mode
  - java.vm.name=Java HotSpot(TM) 64-Bit Server VM
  - java.vm.specification.name=Java Virtual Machine Specification
  - java.vm.specification.vendor=Oracle Corporation
  - java.vm.specification.version=1.8
  - java.vm.vendor=Oracle Corporation
  - java.vm.version=25.121-b13
  - library.jansi.path=C:\Users\akanksha_s\.gradle\native\jansi\1.14\windows64
  - line.separator=

  - org.gradle.appname=gradle
  - os.arch=amd64
  - os.name=Windows 10
  - os.version=10.0
  - path.separator=;
  - sun.arch.data.model=64
  - sun.boot.class.path=C:\Program Files\Java\jdk\jre\lib\resources.jar;C:\Program Files\Java\jdk\jre\lib\rt.jar;C:\Program Files\Java\jdk\jre\lib\sunrsasign.jar;C:\Program Files\Java\jdk\jre\lib\jsse.jar;C:\Program Files\Java\jdk\jre\lib\jce.jar;C:\Program Files\Java\jdk\jre\lib\charsets.jar;C:\Program Files\Java\jdk\jre\lib\jfr.jar;C:\Program Files\Java\jdk\jre\classes
  - sun.boot.library.path=C:\Program Files\Java\jdk\jre\bin
  - sun.cpu.endian=little
  - sun.cpu.isalist=amd64
  - sun.desktop=windows
  - sun.io.unicode.encoding=UnicodeLittle
  - sun.java.command=org.gradle.launcher.daemon.bootstrap.GradleDaemon 4.10
  - sun.java.launcher=SUN_STANDARD
  - sun.jnu.encoding=Cp1252
  - sun.management.compiler=HotSpot 64-Bit Tiered Compilers
  - sun.os.patch.level=
  - user.country=US
  - user.dir=C:\Users\akanksha_s\Downloads\gradle_project1-master\gradle_project1-master
  - user.home=C:\Users\akanksha_s
  - user.language=en
  - user.name=akanksha_s
  - user.script=
  - user.timezone=
  - user.variant=
SonarQube plugins:
  - SonarC# 6.5.0.3766 (csharp)
  - SonarPython 1.8.0.1496 (python)
  - SonarJava 4.15.0.12310 (java)
  - Flex 2.3 (flex)
  - SonarQube :: Plugins :: SCM :: Git 1.3.0.869 (scmgit)
  - SonarXML 1.4.3.1027 (xml)
  - SonarPHP 2.11.0.2485 (php)
  - SonarTS 1.1.0.1079 (typescript)
  - SonarQube :: Plugins :: SCM :: SVN 1.6.0.860 (scmsvn)
  - SonarJS 3.2.0.5506 (javascript)
Global properties:
  - sonar.core.id=49B321BC-AWX2APMWN7AowtaJvZ4f
  - sonar.core.startTime=2018-09-20T13:30:54+0530
Settings for module: gradle_project1-master
  - sonar.binaries=C:\Users\akanksha_s\Downloads\gradle_project1-master\gradle_project1-master\build\classes\java\main
  - sonar.host.url=http://localhost:9000/sonar
  - sonar.java.binaries=C:\Users\akanksha_s\Downloads\gradle_project1-master\gradle_project1-master\build\classes\java\main
  - sonar.java.libraries=C:\Users\akanksha_s\.gradle\caches\modules-2\files-2.1\joda-time\joda-time\2.2\a5f29a7acaddea3f4af307e8cf2d0cc82645fd7d\joda-time-2.2.jar,C:\Program Files\Java\jdk\jre\lib\rt.jar,C:\Program Files\Java\jdk\jre\lib\ext\jfxrt.jar
  - sonar.java.source=1.8
  - sonar.java.target=1.8
  - sonar.java.test.binaries=C:\Users\akanksha_s\Downloads\gradle_project1-master\gradle_project1-master\build\classes\java\test
  - sonar.java.test.libraries=C:\Users\akanksha_s\Downloads\gradle_project1-master\gradle_project1-master\build\classes\java\main,C:\Users\akanksha_s\.gradle\caches\modules-2\files-2.1\joda-time\joda-time\2.2\a5f29a7acaddea3f4af307e8cf2d0cc82645fd7d\joda-time-2.2.jar,C:\Users\akanksha_s\.gradle\caches\modules-2\files-2.1\junit\junit\4.12\2973d150c0dc1fefe998f834810d68f278ea58ec\junit-4.12.jar,C:\Users\akanksha_s\.gradle\caches\modules-2\files-2.1\org.hamcrest\hamcrest-core\1.3\42a25dc3219429f0e5d060061f71acb49bf010a0\hamcrest-core-1.3.jar,C:\Program Files\Java\jdk\jre\lib\rt.jar,C:\Program Files\Java\jdk\jre\lib\ext\jfxrt.jar
  - sonar.jdbc.password=******
  - sonar.jdbc.username=root
  - sonar.junit.reportPaths=C:\Users\akanksha_s\Downloads\gradle_project1-master\gradle_project1-master\build\test-results\test
  - sonar.junit.reportsPath=C:\Users\akanksha_s\Downloads\gradle_project1-master\gradle_project1-master\build\test-results\test
  - sonar.libraries=C:\Users\akanksha_s\.gradle\caches\modules-2\files-2.1\joda-time\joda-time\2.2\a5f29a7acaddea3f4af307e8cf2d0cc82645fd7d\joda-time-2.2.jar,C:\Program Files\Java\jdk\jre\lib\rt.jar,C:\Program Files\Java\jdk\jre\lib\ext\jfxrt.jar
  - sonar.login=******
  - sonar.password=******
  - sonar.projectBaseDir=C:\Users\akanksha_s\Downloads\gradle_project1-master\gradle_project1-master
  - sonar.projectKey=gradle_project1-master
  - sonar.projectName=gradle_project1-master
  - sonar.projectVersion=unspecified
  - sonar.sourceEncoding=windows-1252
  - sonar.sources=C:\Users\akanksha_s\Downloads\gradle_project1-master\gradle_project1-master\src\main\java
  - sonar.surefire.reportsPath=C:\Users\akanksha_s\Downloads\gradle_project1-master\gradle_project1-master\build\test-results\test
  - sonar.tests=C:\Users\akanksha_s\Downloads\gradle_project1-master\gradle_project1-master\src\test\java
  - sonar.verbose=true
  - sonar.working.directory=C:\Users\akanksha_s\Downloads\gradle_project1-master\gradle_project1-master\build\sonar
